2021-01-21 08:45:44,796 reng-notes com.iiit.sample.security.openidconnect.service.ProjectMain[12796] WARN  [io.qua.dep.QuarkusAugmentor] (main) Using Java versions older than 11 to build Quarkus applications is deprecated and will be disallowed in a future release!
2021-01-21 08:45:49,116 reng-notes com.iiit.sample.security.openidconnect.service.ProjectMain[12796] INFO  [io.quarkus] (Quarkus Main Thread) Quarkus 1.7.1.Final on JVM started in 5.252s. Listening on: http://0.0.0.0:8080
2021-01-21 08:45:49,117 reng-notes com.iiit.sample.security.openidconnect.service.ProjectMain[12796] INFO  [io.quarkus] (Quarkus Main Thread) Profile dev activated. Live Coding activated.
2021-01-21 08:45:49,118 reng-notes com.iiit.sample.security.openidconnect.service.ProjectMain[12796] INFO  [io.quarkus] (Quarkus Main Thread) Installed features: [cdi, oidc, resteasy, resteasy-jsonb, security]
2021-01-21 08:45:57,563 reng-notes com.iiit.sample.security.openidconnect.service.ProjectMain[12796] INFO  [com.iii.sam.sec.ope.ser.ProjectService] (executor-thread-1) 数据初始化
2021-01-21 08:45:57,567 reng-notes com.iiit.sample.security.openidconnect.service.ProjectMain[12796] INFO  [com.iii.sam.sec.ope.ser.LoggingFilter] (executor-thread-1) Request GET /projects/api/admin from IP 0:0:0:0:0:0:0:1:52100
2021-01-21 08:45:57,570 reng-notes com.iiit.sample.security.openidconnect.service.ProjectMain[12796] INFO  [com.iii.sam.sec.ope.ser.ProjectResource] (executor-thread-1) granted
2021-01-21 08:45:57,570 reng-notes com.iiit.sample.security.openidconnect.service.ProjectMain[12796] INFO  [com.iii.sam.sec.ope.ser.ProjectService] (executor-thread-1) 数据初始化
2021-01-21 08:47:08,970 reng-notes com.iiit.sample.security.openidconnect.service.ProjectMain[12796] INFO  [com.iii.sam.sec.ope.ser.LoggingFilter] (executor-thread-1) Request GET /projects/api/users/user from IP 0:0:0:0:0:0:0:1:52111
2021-01-21 08:47:14,869 reng-notes com.iiit.sample.security.openidconnect.service.ProjectMain[12796] INFO  [com.iii.sam.sec.ope.ser.LoggingFilter] (executor-thread-1) Request GET /projects/api/users/user from IP 0:0:0:0:0:0:0:1:52114
2021-01-21 08:48:19,646 reng-notes com.iiit.sample.security.openidconnect.service.ProjectMain[12796] INFO  [com.iii.sam.sec.ope.ser.LoggingFilter] (executor-thread-1) Request GET /projects/api/admin from IP 0:0:0:0:0:0:0:1:52125
2021-01-21 08:48:19,646 reng-notes com.iiit.sample.security.openidconnect.service.ProjectMain[12796] INFO  [com.iii.sam.sec.ope.ser.ProjectResource] (executor-thread-1) granted
2021-01-21 08:53:06,740 reng-notes com.iiit.sample.security.openidconnect.service.ProjectMain[12796] INFO  [com.iii.sam.sec.ope.ser.LoggingFilter] (executor-thread-1) Request GET /projects/api/admin from IP 0:0:0:0:0:0:0:1:52175
2021-01-21 08:53:06,741 reng-notes com.iiit.sample.security.openidconnect.service.ProjectMain[12796] INFO  [com.iii.sam.sec.ope.ser.ProjectResource] (executor-thread-1) granted
2021-01-21 08:53:08,408 reng-notes com.iiit.sample.security.openidconnect.service.ProjectMain[12796] INFO  [com.iii.sam.sec.ope.ser.LoggingFilter] (executor-thread-1) Request GET /projects/api/admin from IP 0:0:0:0:0:0:0:1:52177
2021-01-21 08:53:08,408 reng-notes com.iiit.sample.security.openidconnect.service.ProjectMain[12796] INFO  [com.iii.sam.sec.ope.ser.ProjectResource] (executor-thread-1) granted
2021-01-21 08:53:15,518 reng-notes com.iiit.sample.security.openidconnect.service.ProjectMain[12796] INFO  [com.iii.sam.sec.ope.ser.LoggingFilter] (executor-thread-1) Request GET /projects/api/users/user from IP 0:0:0:0:0:0:0:1:52181
2021-01-21 08:53:17,715 reng-notes com.iiit.sample.security.openidconnect.service.ProjectMain[12796] INFO  [com.iii.sam.sec.ope.ser.LoggingFilter] (executor-thread-1) Request GET /projects/api/users/user from IP 0:0:0:0:0:0:0:1:52183
2021-01-21 08:53:50,870 reng-notes com.iiit.sample.security.openidconnect.service.ProjectMain[12796] INFO  [com.iii.sam.sec.ope.ser.LoggingFilter] (executor-thread-1) Request GET /projects/api/users/user from IP 0:0:0:0:0:0:0:1:52188
2021-01-21 08:54:50,845 reng-notes com.iiit.sample.security.openidconnect.service.ProjectMain[12796] INFO  [com.iii.sam.sec.ope.ser.LoggingFilter] (executor-thread-1) Request GET /projects/api/admin from IP 0:0:0:0:0:0:0:1:52204
2021-01-21 08:54:50,846 reng-notes com.iiit.sample.security.openidconnect.service.ProjectMain[12796] INFO  [com.iii.sam.sec.ope.ser.ProjectResource] (executor-thread-1) granted
2021-01-21 12:04:52,858 reng-notes com.iiit.sample.security.openidconnect.service.ProjectMain[7272] WARN  [io.qua.dep.QuarkusAugmentor] (main) Using Java versions older than 11 to build Quarkus applications is deprecated and will be disallowed in a future release!
2021-01-21 12:05:05,452 reng-notes com.iiit.sample.security.openidconnect.service.ProjectMain[7272] INFO  [io.quarkus] (Quarkus Main Thread) Quarkus 1.7.1.Final on JVM started in 37.300s. Listening on: http://0.0.0.0:8080
2021-01-21 12:05:05,476 reng-notes com.iiit.sample.security.openidconnect.service.ProjectMain[7272] INFO  [io.quarkus] (Quarkus Main Thread) Profile dev activated. Live Coding activated.
2021-01-21 12:05:05,476 reng-notes com.iiit.sample.security.openidconnect.service.ProjectMain[7272] INFO  [io.quarkus] (Quarkus Main Thread) Installed features: [cdi, oidc, resteasy, resteasy-jsonb, security]
2021-02-05 20:57:09,663 reng-notes com.iiit.sample.security.openidconnect.service.ProjectMain[12804] WARN  [io.qua.dep.QuarkusAugmentor] (main) Using Java versions older than 11 to build Quarkus applications is deprecated and will be disallowed in a future release!
2021-02-05 20:57:16,783 reng-notes com.iiit.sample.security.openidconnect.service.ProjectMain[12804] INFO  [io.quarkus] (Quarkus Main Thread) Quarkus 1.11.1.Final on JVM started in 7.259s. Listening on: http://localhost:8080
2021-02-05 20:57:16,784 reng-notes com.iiit.sample.security.openidconnect.service.ProjectMain[12804] INFO  [io.quarkus] (Quarkus Main Thread) Profile dev activated. Live Coding activated.
2021-02-05 20:57:16,784 reng-notes com.iiit.sample.security.openidconnect.service.ProjectMain[12804] INFO  [io.quarkus] (Quarkus Main Thread) Installed features: [cdi, oidc, resteasy, resteasy-jsonb, security]
